----------------------------------------------------------------
Sun Mar 30 22:05:38 EDT 2014:
Booting Derby version The Apache Software Foundation - Apache Derby - 10.9.1.0 - (1344872): instance a816c00e-0145-15e2-8620-00000c710ce0 
on database directory /Users/rcuprak/Projects/action-bazaar/chapter14/target/databases/derby  with class loader sun.misc.Launcher$AppClassLoader@500ab58d 
Loaded from file:/Users/rcuprak/.m2/repository/org/glassfish/main/extras/glassfish-embedded-all/4.0/glassfish-embedded-all-4.0.jar
java.vendor=Oracle Corporation
java.runtime.version=1.7.0_51-b13
user.dir=/Users/rcuprak/Projects/action-bazaar/chapter14
derby.system.home=null
Database Class Loader started - derby.database.classpath=''
----------------------------------------------------------------
Sun Mar 30 22:05:41 EDT 2014:
Booting Derby version The Apache Software Foundation - Apache Derby - 10.9.1.0 - (1344872): instance 45ee0190-0145-15e2-8620-00000c710ce0 
on database directory /private/var/folders/r0/ffxm_xyn2lng4sd735f95jz40000gn/T/gfembed9050852833305497445tmp/lib/databases/ejbtimer  with class loader sun.misc.Launcher$AppClassLoader@500ab58d 
Loaded from file:/Users/rcuprak/.m2/repository/org/glassfish/main/extras/glassfish-embedded-all/4.0/glassfish-embedded-all-4.0.jar
java.vendor=Oracle Corporation
java.runtime.version=1.7.0_51-b13
user.dir=/Users/rcuprak/Projects/action-bazaar/chapter14
derby.system.home=null
Database Class Loader started - derby.database.classpath=''
